[2025-12-02 20:32:50:058][Debug]	Skip hidden file: ~$ForceConfig.xlsx
[2025-12-02 20:32:50:059][Debug]	Skip hidden file: ~$HeroConfig.xlsx
[2025-12-02 20:32:50:059][Debug]	Skip hidden file: ~$WorldConfig.xlsx
[2025-12-02 20:32:50:060][Debug]	Skip hidden file: ~$ForceConfig.xlsx
[2025-12-02 20:32:50:060][Debug]	Skip hidden file: ~$HeroConfig.xlsx
[2025-12-02 20:32:50:061][Debug]	Skip hidden file: ~$WorldConfig.xlsx
[2025-12-02 20:32:50:065][Warn]Merge Config Excel Not Found
[2025-12-02 20:32:50:066][Debug]开始数据读取，总数=11
[2025-12-02 20:32:50:240][Debug]	数据预处理 BuffConfig
[2025-12-02 20:32:50:245][Debug]	文件打开中，创建临时文件重试. ForceConfig.xlsx
[2025-12-02 20:32:50:257][Debug]	数据预处理 ForceConfig
[2025-12-02 20:32:50:265][Debug]	数据预处理 FormulaLearnAttrConfig
[2025-12-02 20:32:50:266][Debug]	文件打开中，创建临时文件重试. HeroConfig.xlsx
[2025-12-02 20:32:50:312][Debug]	数据预处理 HeroConfig
[2025-12-02 20:32:50:323][Debug]	数据预处理 ItemConfig
[2025-12-02 20:32:50:326][Debug]	数据预处理 JobConfig
[2025-12-02 20:32:50:333][Debug]	数据预处理 PlayerConfig
[2025-12-02 20:32:50:339][Debug]	数据预处理 ShopConfig
[2025-12-02 20:32:50:371][Debug]	数据预处理 SkillConfig
[2025-12-02 20:32:50:375][Debug]	数据预处理 SoldierConfig
[2025-12-02 20:32:50:376][Debug]	文件打开中，创建临时文件重试. WorldConfig.xlsx
[2025-12-02 20:32:50:390][Debug]	数据预处理 WorldConfig
[2025-12-02 20:32:50:391][Debug]数据读取完成，总数=11
[2025-12-02 20:32:50:392][Debug]所用时间=00:00:00.3242566
[2025-12-02 20:32:50:394][Debug]开始数据函数检查，总数=11
[2025-12-02 20:32:50:403][Debug]数据函数检查完成，总数=11
[2025-12-02 20:32:50:403][Debug]所用时间=00:00:00.0099733
[2025-12-02 20:32:50:405][Debug]开始类型导出
[2025-12-02 20:32:50:412][Debug]	导出类型文件out\Csharp_s\BuffConfig_s.cs
[2025-12-02 20:32:50:413][Debug]	导出类型文件out\Csharp_s\ForceConfig_s.cs
[2025-12-02 20:32:50:414][Debug]	导出类型文件out\Csharp_s\FormulaLearnAttrConfig_s.cs
[2025-12-02 20:32:50:420][Debug]	导出类型文件out\Csharp_s\HeroConfig_s.cs
[2025-12-02 20:32:50:422][Debug]	导出类型文件out\Csharp_s\ItemConfig_s.cs
[2025-12-02 20:32:50:423][Debug]	导出类型文件out\Csharp_s\JobConfig_s.cs
[2025-12-02 20:32:50:425][Debug]	导出类型文件out\Csharp_s\PlayerConfig_s.cs
[2025-12-02 20:32:50:426][Debug]	导出类型文件out\Csharp_s\ShopConfig_s.cs
[2025-12-02 20:32:50:436][Debug]	导出类型文件out\Csharp_s\SkillConfig_s.cs
[2025-12-02 20:32:50:437][Debug]	导出类型文件out\Csharp_s\SoldierConfig_s.cs
[2025-12-02 20:32:50:438][Debug]	导出类型文件out\Csharp_s\WorldConfig_s.cs
[2025-12-02 20:32:50:438][Debug]开始类型完成
[2025-12-02 20:32:50:439][Debug]开始数据导出
[2025-12-02 20:32:50:443][Debug]	导出数据文件out\Csharp_s\BuffConfigRecordAdder_s.cs
[2025-12-02 20:32:50:443][Debug]	导出数据文件out\Csharp_s\ForceConfigRecordAdder_s.cs
[2025-12-02 20:32:50:444][Debug]	导出数据文件out\Csharp_s\FormulaLearnAttrConfigRecordAdder_s.cs
[2025-12-02 20:32:50:444][Debug]	导出数据文件out\Csharp_s\HeroConfigRecordAdder_s.cs
[2025-12-02 20:32:50:445][Debug]	导出数据文件out\Csharp_s\ItemConfigRecordAdder_s.cs
[2025-12-02 20:32:50:446][Debug]	导出数据文件out\Csharp_s\JobConfigRecordAdder_s.cs
[2025-12-02 20:32:50:446][Debug]	导出数据文件out\Csharp_s\PlayerConfigRecordAdder_s.cs
[2025-12-02 20:32:50:446][Debug]	导出数据文件out\Csharp_s\ShopConfigRecordAdder_s.cs
[2025-12-02 20:32:50:447][Debug]	导出数据文件out\Csharp_s\SkillConfigRecordAdder_s.cs
[2025-12-02 20:32:50:447][Debug]	导出数据文件out\Csharp_s\SoldierConfigRecordAdder_s.cs
[2025-12-02 20:32:50:448][Debug]	导出数据文件out\Csharp_s\WorldConfigRecordAdder_s.cs
[2025-12-02 20:32:50:453][Debug]数据导出完成
[2025-12-02 20:32:50:456][Debug]总打开文件次数 11
[2025-12-02 20:32:50:457][Debug]错误数量 0
